<?xml version="1.0" encoding="UTF-8"?>
<testng-results ignored="0" total="1" passed="1" failed="0" skipped="0">
  <reporter-output>
  </reporter-output>
  <suite started-at="2022-11-07T14:00:16 GMT" name="Default suite" finished-at="2022-11-07T14:00:21 GMT" duration-ms="5051">
    <groups>
    </groups>
    <test started-at="2022-11-07T14:00:16 GMT" name="Default test" finished-at="2022-11-07T14:00:21 GMT" duration-ms="5051">
      <class name="day7.Authentications">
        <test-method signature="testBearerTokenAuthentication()[pri:0, instance:day7.Authentications@f736069]" started-at="2022-11-07T14:00:16 GMT" name="testBearerTokenAuthentication" finished-at="2022-11-07T14:00:21 GMT" duration-ms="5007" status="PASS">
          <reporter-output>
          </reporter-output>
        </test-method> <!-- testBearerTokenAuthentication -->
      </class> <!-- day7.Authentications -->
    </test> <!-- Default test -->
  </suite> <!-- Default suite -->
</testng-results>
