<?xml version="1.0" encoding="UTF-8"?>
<testng-results ignored="0" total="1" passed="1" failed="0" skipped="0">
  <reporter-output>
  </reporter-output>
  <suite started-at="2022-11-19T05:42:25 GMT" name="Default suite" finished-at="2022-11-19T05:42:28 GMT" duration-ms="3338">
    <groups>
    </groups>
    <test started-at="2022-11-19T05:42:25 GMT" name="Default test" finished-at="2022-11-19T05:42:28 GMT" duration-ms="3338">
      <class name="api.tests.UserTests">
        <test-method is-config="true" signature="setupData()[pri:0, instance:api.tests.UserTests@26e356f0]" started-at="2022-11-19T05:42:25 GMT" name="setupData" finished-at="2022-11-19T05:42:25 GMT" duration-ms="257" status="PASS">
          <reporter-output>
          </reporter-output>
        </test-method> <!-- setupData -->
        <test-method signature="test_postUser()[pri:1, instance:api.tests.UserTests@26e356f0]" started-at="2022-11-19T05:42:25 GMT" name="test_postUser" finished-at="2022-11-19T05:42:28 GMT" duration-ms="3042" status="PASS">
          <reporter-output>
          </reporter-output>
        </test-method> <!-- test_postUser -->
      </class> <!-- api.tests.UserTests -->
    </test> <!-- Default test -->
  </suite> <!-- Default suite -->
</testng-results>
