<?xml version="1.0" encoding="UTF-8"?>
<testng-results ignored="0" total="2" passed="2" failed="0" skipped="0">
  <reporter-output>
  </reporter-output>
  <suite started-at="2022-11-15T04:58:38 GMT" name="Default suite" finished-at="2022-11-15T04:58:42 GMT" duration-ms="4005">
    <groups>
    </groups>
    <test started-at="2022-11-15T04:58:38 GMT" name="Default test" finished-at="2022-11-15T04:58:42 GMT" duration-ms="4005">
      <class name="api.test.UserTest">
        <test-method is-config="true" signature="setupData()[pri:0, instance:api.test.UserTest@47d9a273]" started-at="2022-11-15T04:58:38 GMT" name="setupData" finished-at="2022-11-15T04:58:39 GMT" duration-ms="204" status="PASS">
          <reporter-output>
          </reporter-output>
        </test-method> <!-- setupData -->
        <test-method signature="testPostUser()[pri:1, instance:api.test.UserTest@47d9a273]" started-at="2022-11-15T04:58:39 GMT" name="testPostUser" finished-at="2022-11-15T04:58:42 GMT" duration-ms="3166" status="PASS">
          <reporter-output>
          </reporter-output>
        </test-method> <!-- testPostUser -->
        <test-method signature="testGetUser()[pri:2, instance:api.test.UserTest@47d9a273]" started-at="2022-11-15T04:58:42 GMT" name="testGetUser" finished-at="2022-11-15T04:58:42 GMT" duration-ms="593" status="PASS">
          <reporter-output>
          </reporter-output>
        </test-method> <!-- testGetUser -->
      </class> <!-- api.test.UserTest -->
    </test> <!-- Default test -->
  </suite> <!-- Default suite -->
</testng-results>
