<?xml version="1.0" encoding="UTF-8"?>
<!-- Generated by org.testng.reporters.JUnitXMLReporter -->
<testsuite ignored="1" hostname="WorkStation" failures="0" tests="1" name="Surefire test" time="0.036" errors="0" timestamp="2022-10-01T04:39:32 BST">
  <testcase classname="uk.co.testing.mavenproject.L08_Profile" name="example" time="0.004"/>
  <testcase classname="uk.co.testing.mavenproject.L08_Profile" name="testng" time="0.0">
    <ignored/>
  </testcase> <!-- testng -->
</testsuite> <!-- Surefire test -->
