<?xml version="1.0" encoding="UTF-8"?>
<testng-results ignored="0" total="1" passed="1" failed="0" skipped="0">
  <reporter-output>
  </reporter-output>
  <suite started-at="2022-12-06T01:23:55 GMT" name="Default suite" finished-at="2022-12-06T01:24:05 GMT" duration-ms="10066">
    <groups>
    </groups>
    <test started-at="2022-12-06T01:23:55 GMT" name="Default test" finished-at="2022-12-06T01:24:05 GMT" duration-ms="10066">
      <class name="uk.co.amazon.EndToEndTest">
        <test-method is-config="true" signature="setup()[pri:0, instance:uk.co.amazon.EndToEndTest@14555e0a]" started-at="2022-12-06T01:23:55 GMT" name="setup" finished-at="2022-12-06T01:23:58 GMT" duration-ms="3413" status="PASS">
          <reporter-output>
          </reporter-output>
        </test-method> <!-- setup -->
        <test-method signature="endToEndTest()[pri:0, instance:uk.co.amazon.EndToEndTest@14555e0a]" started-at="2022-12-06T01:23:58 GMT" name="endToEndTest" finished-at="2022-12-06T01:24:04 GMT" duration-ms="5589" status="PASS">
          <reporter-output>
          </reporter-output>
        </test-method> <!-- endToEndTest -->
        <test-method is-config="true" signature="tearDown()[pri:0, instance:uk.co.amazon.EndToEndTest@14555e0a]" started-at="2022-12-06T01:24:04 GMT" name="tearDown" finished-at="2022-12-06T01:24:05 GMT" duration-ms="804" status="PASS">
          <reporter-output>
          </reporter-output>
        </test-method> <!-- tearDown -->
      </class> <!-- uk.co.amazon.EndToEndTest -->
    </test> <!-- Default test -->
  </suite> <!-- Default suite -->
</testng-results>
