<?xml version="1.0" encoding="UTF-8"?>
<testng-results ignored="0" total="1" passed="1" failed="0" skipped="0">
  <reporter-output>
  </reporter-output>
  <suite started-at="2022-11-07T01:47:29 GMT" name="Default suite" finished-at="2022-11-07T01:47:41 GMT" duration-ms="12656">
    <groups>
    </groups>
    <test started-at="2022-11-07T01:47:29 GMT" name="Default test" finished-at="2022-11-07T01:47:41 GMT" duration-ms="12656">
      <class name="uk.co.testing.OrderCompleteTest">
        <test-method is-config="true" signature="setup()[pri:0, instance:uk.co.testing.OrderCompleteTest@24fcf36f]" started-at="2022-11-07T01:47:29 GMT" name="setup" finished-at="2022-11-07T01:47:31 GMT" duration-ms="2306" status="PASS">
          <reporter-output>
          </reporter-output>
        </test-method> <!-- setup -->
        <test-method signature="endToEndTest()[pri:0, instance:uk.co.testing.OrderCompleteTest@24fcf36f]" started-at="2022-11-07T01:47:31 GMT" name="endToEndTest" finished-at="2022-11-07T01:47:41 GMT" duration-ms="9535" status="PASS">
          <reporter-output>
          </reporter-output>
        </test-method> <!-- endToEndTest -->
        <test-method is-config="true" signature="tearDown()[pri:0, instance:uk.co.testing.OrderCompleteTest@24fcf36f]" started-at="2022-11-07T01:47:41 GMT" name="tearDown" finished-at="2022-11-07T01:47:41 GMT" duration-ms="594" status="PASS">
          <reporter-output>
          </reporter-output>
        </test-method> <!-- tearDown -->
      </class> <!-- uk.co.testing.OrderCompleteTest -->
    </test> <!-- Default test -->
  </suite> <!-- Default suite -->
</testng-results>
