<?xml version="1.0" encoding="UTF-8"?>
<testng-results ignored="0" total="1" passed="1" failed="0" skipped="0">
  <reporter-output>
  </reporter-output>
  <suite started-at="2022-10-05T03:44:26 BST" name="Default suite" finished-at="2022-10-05T03:44:37 BST" duration-ms="11691">
    <groups>
    </groups>
    <test started-at="2022-10-05T03:44:26 BST" name="Default test" finished-at="2022-10-05T03:44:37 BST" duration-ms="11691">
      <class name="uk.co.testing.ShopLoginTest">
        <test-method is-config="true" signature="set()[pri:0, instance:uk.co.testing.ShopLoginTest@581ac8a8]" started-at="2022-10-05T03:44:26 BST" name="set" finished-at="2022-10-05T03:44:29 BST" duration-ms="2685" status="PASS">
          <reporter-output>
          </reporter-output>
        </test-method> <!-- set -->
        <test-method signature="addRemoveItem()[pri:0, instance:uk.co.testing.ShopLoginTest@581ac8a8]" started-at="2022-10-05T03:44:29 BST" name="addRemoveItem" finished-at="2022-10-05T03:44:37 BST" duration-ms="8117" status="PASS">
          <reporter-output>
          </reporter-output>
        </test-method> <!-- addRemoveItem -->
        <test-method is-config="true" signature="tearDown()[pri:0, instance:uk.co.testing.ShopLoginTest@581ac8a8]" started-at="2022-10-05T03:44:37 BST" name="tearDown" finished-at="2022-10-05T03:44:37 BST" duration-ms="643" status="PASS">
          <reporter-output>
          </reporter-output>
        </test-method> <!-- tearDown -->
      </class> <!-- uk.co.testing.ShopLoginTest -->
    </test> <!-- Default test -->
  </suite> <!-- Default suite -->
</testng-results>
