<?xml version="1.0" encoding="UTF-8"?>
<!-- Generated by org.testng.reporters.JUnitXMLReporter -->
<testsuite ignored="0" hostname="WorkStation" failures="1" tests="1" name="Test" time="16.778" errors="0" timestamp="2022-10-04T12:21:21 BST">
  <testcase classname="uk.co.testing.AddRemoveItemBasketTest" name="addRemoveItem" time="13.162">
    <failure type="java.lang.AssertionError" message="Cart amount did not match the expected amount, it found$45.24 expected $45.23">
      <![CDATA[java.lang.AssertionError: Cart amount did not match the expected amount, it found$45.24 expected $45.23
at uk.co.testing.AddRemoveItemBasketTest.addRemoveItem(AddRemoveItemBasketTest.java:76)
at java.base/java.util.ArrayList.forEach(Unknown Source)
at java.base/java.util.concurrent.FutureTask.run(Unknown Source)
at java.base/java.util.concurrent.ThreadPoolExecutor.runWorker(Unknown Source)
at java.base/java.util.concurrent.ThreadPoolExecutor$Worker.run(Unknown Source)
at java.base/java.lang.Thread.run(Unknown Source)
... Removed 19 stack frames]]>
    </failure>
  </testcase> <!-- addRemoveItem -->
</testsuite> <!-- Test -->
