<?xml version="1.0" encoding="UTF-8"?>
<testng-results ignored="0" total="1" passed="1" failed="0" skipped="0">
  <reporter-output>
  </reporter-output>
  <suite started-at="2022-11-16T03:53:43 GMT" name="Suite" finished-at="2022-11-16T03:53:59 GMT" duration-ms="16025">
    <groups>
    </groups>
    <test started-at="2022-11-16T03:53:43 GMT" name="Test" finished-at="2022-11-16T03:53:59 GMT" duration-ms="16025">
      <class name="uk.co.automationtest.OrderCompleteTest">
        <test-method is-config="true" signature="setup()[pri:0, instance:uk.co.automationtest.OrderCompleteTest@73700b80]" started-at="2022-11-16T03:53:43 GMT" name="setup" finished-at="2022-11-16T03:53:47 GMT" duration-ms="3052" status="PASS">
          <reporter-output>
          </reporter-output>
        </test-method> <!-- setup -->
        <test-method signature="endToEndTest()[pri:0, instance:uk.co.automationtest.OrderCompleteTest@73700b80]" started-at="2022-11-16T03:53:47 GMT" name="endToEndTest" finished-at="2022-11-16T03:53:59 GMT" duration-ms="12129" status="PASS">
          <reporter-output>
          </reporter-output>
        </test-method> <!-- endToEndTest -->
        <test-method is-config="true" signature="tearDown()[pri:0, instance:uk.co.automationtest.OrderCompleteTest@73700b80]" started-at="2022-11-16T03:53:59 GMT" name="tearDown" finished-at="2022-11-16T03:53:59 GMT" duration-ms="612" status="PASS">
          <reporter-output>
          </reporter-output>
        </test-method> <!-- tearDown -->
      </class> <!-- uk.co.automationtest.OrderCompleteTest -->
    </test> <!-- Test -->
  </suite> <!-- Suite -->
</testng-results>
