<?xml version="1.0" encoding="UTF-8"?>
<!-- Generated by org.testng.reporters.JUnitXMLReporter -->
<testsuite ignored="0" hostname="WorkStation" failures="0" tests="4" name="Default test" time="2.943" errors="0" timestamp="2022-11-05T04:13:50 GMT">
  <testcase classname="day1.HTTPRequest" name="getUsers" time="2.155"/>
  <testcase classname="day1.HTTPRequest" name="createUser" time="0.49"/>
  <testcase classname="day1.HTTPRequest" name="updateUser" time="0.126"/>
  <testcase classname="day1.HTTPRequest" name="deleteUser" time="0.116"/>
</testsuite> <!-- Default test -->
