<?xml version="1.0" encoding="UTF-8"?>
<testng-results ignored="1" total="2" passed="1" failed="0" skipped="0">
  <reporter-output>
  </reporter-output>
  <suite started-at="2022-10-01T04:39:32 BST" name="Surefire suite" finished-at="2022-10-01T04:39:32 BST" duration-ms="36">
    <groups>
    </groups>
    <test started-at="2022-10-01T04:39:32 BST" name="Surefire test" finished-at="2022-10-01T04:39:32 BST" duration-ms="36">
      <class name="uk.co.testing.mavenproject.L08_Profile">
        <test-method signature="example()[pri:0, instance:uk.co.testing.mavenproject.L08_Profile@59662a0b]" started-at="2022-10-01T04:39:32 BST" name="example" finished-at="2022-10-01T04:39:32 BST" duration-ms="4" status="PASS">
          <reporter-output>
          </reporter-output>
        </test-method> <!-- example -->
      </class> <!-- uk.co.testing.mavenproject.L08_Profile -->
    </test> <!-- Surefire test -->
  </suite> <!-- Surefire suite -->
</testng-results>
