<?xml version="1.0" encoding="UTF-8"?>
<testng-results ignored="0" total="1" passed="1" failed="0" skipped="0">
  <reporter-output>
  </reporter-output>
  <suite started-at="2022-10-25T20:54:30 WAT" name="Default suite" finished-at="2022-10-25T20:55:03 WAT" duration-ms="33034">
    <groups>
    </groups>
    <test started-at="2022-10-25T20:54:30 WAT" name="Default test" finished-at="2022-10-25T20:55:03 WAT" duration-ms="33034">
      <class name="uk.co.testing.OrderCompleteTest">
        <test-method is-config="true" signature="setup()[pri:0, instance:uk.co.testing.OrderCompleteTest@7e5afaa6]" started-at="2022-10-25T20:54:31 WAT" name="setup" finished-at="2022-10-25T20:54:35 WAT" duration-ms="3841" status="PASS">
          <reporter-output>
          </reporter-output>
        </test-method> <!-- setup -->
        <test-method signature="endToEndTest()[pri:0, instance:uk.co.testing.OrderCompleteTest@7e5afaa6]" started-at="2022-10-25T20:54:35 WAT" name="endToEndTest" finished-at="2022-10-25T20:55:03 WAT" duration-ms="28095" status="PASS">
          <reporter-output>
          </reporter-output>
        </test-method> <!-- endToEndTest -->
        <test-method is-config="true" signature="teardown()[pri:0, instance:uk.co.testing.OrderCompleteTest@7e5afaa6]" started-at="2022-10-25T20:55:03 WAT" name="teardown" finished-at="2022-10-25T20:55:03 WAT" duration-ms="701" status="PASS">
          <reporter-output>
          </reporter-output>
        </test-method> <!-- teardown -->
      </class> <!-- uk.co.testing.OrderCompleteTest -->
    </test> <!-- Default test -->
  </suite> <!-- Default suite -->
</testng-results>
