<?xml version="1.0" encoding="UTF-8"?>
<!-- Generated by org.testng.reporters.JUnitXMLReporter -->
<testsuite ignored="0" hostname="WorkStation" failures="0" tests="3" name="Default test" time="4.571" errors="0" timestamp="2022-11-19T06:05:01 GMT">
  <testcase classname="api.tests.UserTests" name="test_postUser" time="2.95"/>
  <testcase classname="api.tests.UserTests" name="test_getUser" time="0.63"/>
  <testcase classname="api.tests.UserTests" name="test_updateUser" time="0.63"/>
</testsuite> <!-- Default test -->
