<?xml version="1.0" encoding="UTF-8"?>
<testng-results ignored="0" total="1" passed="1" failed="0" skipped="0">
  <reporter-output>
  </reporter-output>
  <suite started-at="2022-10-18T14:42:17 BST" name="Default suite" finished-at="2022-10-18T14:42:26 BST" duration-ms="9534">
    <groups>
    </groups>
    <test started-at="2022-10-18T14:42:17 BST" name="Default test" finished-at="2022-10-18T14:42:26 BST" duration-ms="9534">
      <class name="uk.co.automationtesting.OrderCompleteTest">
        <test-method is-config="true" signature="setup()[pri:0, instance:uk.co.automationtesting.OrderCompleteTest@73700b80]" started-at="2022-10-18T14:42:17 BST" name="setup" finished-at="2022-10-18T14:42:20 BST" duration-ms="2679" status="PASS">
          <reporter-output>
          </reporter-output>
        </test-method> <!-- setup -->
        <test-method signature="endToEndTest()[pri:0, instance:uk.co.automationtesting.OrderCompleteTest@73700b80]" started-at="2022-10-18T14:42:20 BST" name="endToEndTest" finished-at="2022-10-18T14:42:26 BST" duration-ms="5882" status="PASS">
          <reporter-output>
          </reporter-output>
        </test-method> <!-- endToEndTest -->
        <test-method is-config="true" signature="tearDown()[pri:0, instance:uk.co.automationtesting.OrderCompleteTest@73700b80]" started-at="2022-10-18T14:42:26 BST" name="tearDown" finished-at="2022-10-18T14:42:26 BST" duration-ms="692" status="PASS">
          <reporter-output>
          </reporter-output>
        </test-method> <!-- tearDown -->
      </class> <!-- uk.co.automationtesting.OrderCompleteTest -->
    </test> <!-- Default test -->
  </suite> <!-- Default suite -->
</testng-results>
