<?xml version="1.0" encoding="UTF-8"?>
<testng-results ignored="0" total="1" passed="1" failed="0" skipped="0">
  <reporter-output>
  </reporter-output>
  <suite started-at="2022-12-26T11:09:16 GMT" name="Default suite" finished-at="2022-12-26T11:09:23 GMT" duration-ms="7727">
    <groups>
    </groups>
    <test started-at="2022-12-26T11:09:16 GMT" name="Default test" finished-at="2022-12-26T11:09:23 GMT" duration-ms="7727">
      <class name="com.webdriveruniversity.AddToCartTest">
        <test-method is-config="true" signature="setup()[pri:0, instance:com.webdriveruniversity.AddToCartTest@fba92d3]" started-at="2022-12-26T11:09:16 GMT" name="setup" finished-at="2022-12-26T11:09:21 GMT" duration-ms="4764" status="PASS">
          <reporter-output>
          </reporter-output>
        </test-method> <!-- setup -->
        <test-method signature="addToCart()[pri:0, instance:com.webdriveruniversity.AddToCartTest@fba92d3]" started-at="2022-12-26T11:09:21 GMT" name="addToCart" finished-at="2022-12-26T11:09:23 GMT" duration-ms="1599" status="PASS">
          <reporter-output>
          </reporter-output>
        </test-method> <!-- addToCart -->
        <test-method is-config="true" signature="tearDown()[pri:0, instance:com.webdriveruniversity.AddToCartTest@fba92d3]" started-at="2022-12-26T11:09:23 GMT" name="tearDown" finished-at="2022-12-26T11:09:23 GMT" duration-ms="717" status="PASS">
          <reporter-output>
          </reporter-output>
        </test-method> <!-- tearDown -->
      </class> <!-- com.webdriveruniversity.AddToCartTest -->
    </test> <!-- Default test -->
  </suite> <!-- Default suite -->
</testng-results>
