<?xml version="1.0" encoding="UTF-8"?>
<testng-results ignored="0" total="1" passed="1" failed="0" skipped="0">
  <reporter-output>
  </reporter-output>
  <suite started-at="2022-10-01T02:46:17 BST" name="Default suite" finished-at="2022-10-01T02:46:24 BST" duration-ms="6977">
    <groups>
    </groups>
    <test started-at="2022-10-01T02:46:17 BST" name="Default test" finished-at="2022-10-01T02:46:24 BST" duration-ms="6977">
      <class name="Section12.L05_Login">
        <test-method signature="signin()[pri:0, instance:Section12.L05_Login@3972a855]" started-at="2022-10-01T02:46:17 BST" name="signin" finished-at="2022-10-01T02:46:24 BST" duration-ms="6940" status="PASS">
          <reporter-output>
          </reporter-output>
        </test-method> <!-- signin -->
      </class> <!-- Section12.L05_Login -->
    </test> <!-- Default test -->
  </suite> <!-- Default suite -->
</testng-results>
