<?xml version="1.0" encoding="UTF-8"?>
<testng-results ignored="0" total="1" passed="1" failed="0" skipped="0">
  <reporter-output>
  </reporter-output>
  <suite started-at="2022-10-01T17:24:35 BST" name="Default suite" finished-at="2022-10-01T17:24:40 BST" duration-ms="4620">
    <groups>
    </groups>
    <test started-at="2022-10-01T17:24:35 BST" name="Default test" finished-at="2022-10-01T17:24:40 BST" duration-ms="4620">
      <class name="TestCases.StoreLoginTest">
        <test-method signature="login()[pri:0, instance:TestCases.StoreLoginTest@2abf4075]" started-at="2022-10-01T17:24:35 BST" name="login" finished-at="2022-10-01T17:24:40 BST" duration-ms="4585" status="PASS">
          <reporter-output>
          </reporter-output>
        </test-method> <!-- login -->
      </class> <!-- TestCases.StoreLoginTest -->
    </test> <!-- Default test -->
  </suite> <!-- Default suite -->
</testng-results>
